#  Out of Memory Error (allocation.cpp:273), pid=6108, tid=0x0000000000001d18
#
# JRE version: Java(TM) SE Runtime Environment (8.0_161-b12) (build 1.8.0_161-b12)
# Java VM: Java HotSpot(TM) 64-Bit Server VM (25.161-b12 mixed mode windows-amd64 compressed oops)
# Failed to write core dump. Minidumps are not enabled by default on client versions of Windows
#

---------------  T H R E A D  ---------------

Current thread (0x0000000056396000):  JavaThread "C2 CompilerThread1" daemon [_thread_in_native, id=7448, stack(0x0000000056960000,0x0000000056a60000)]

Stack: [0x0000000056960000,0x0000000056a60000]
[error occurred during error reporting (printing stack bounds), id 0xc0000005]

Native frames: (J=compiled Java code, j=interpreted, Vv=VM code, C=native code)


Current CompileTask:
C2:    957  188       4      
[error occurred during error reporting (printing current compile task), id 0xe0000001]


---------------  P R O C E S S  ---------------

Java Threads: ( => current thread )
  0x00000000563f8800 JavaThread "Service Thread" daemon [_thread_blocked, id=1060, stack(0x0000000056e20000,0x0000000056f20000)]
  0x0000000056397800 JavaThread "C1 CompilerThread2" daemon [_thread_in_native, id=8028, stack(0x0000000056bc0000,0x0000000056cc0000)]
=>0x0000000056396000 JavaThread "C2 CompilerThread1" daemon [_thread_in_native, id=7448, stack(0x0000000056960000,0x0000000056a60000)]
  0x0000000054ed9000 JavaThread "C2 CompilerThread0" daemon [_thread_in_vm, id=4872, stack(0x0000000056810000,0x0000000056910000)]
  0x0000000054ed7000 JavaThread "Attach Listener" daemon [_thread_blocked, id=6084, stack(0x0000000056060000,0x0000000056160000)]
  0x0000000054ed1800 JavaThread "Signal Dispatcher" daemon [_thread_blocked, id=5888, stack(0x0000000056280000,0x0000000056380000)]
  0x0000000054ebc000 JavaThread "Finalizer" daemon [_thread_blocked, id=7424, stack(0x0000000056160000,0x0000000056260000)]
  0x0000000054e73000 JavaThread "Reference Handler" daemon [_thread_blocked, id=7936, stack(0x0000000055ed0000,0x0000000055fd0000)]
  0x0000000001ebe800 JavaThread "main" [_thread_in_vm, id=6612, stack(0x0000000002100000,0x0000000002200000)]

Other Threads:
  0x0000000054e6b000 VMThread [stack: 0x0000000055d10000,0x0000000055e10000] [id=732]
  0x000000005640f800 WatcherThread [stack: 0x0000000056d00000,0x0000000056e00000] [id=6644]

VM state:not at safepoint (normal execution)

VM Mutex/Monitor currently owned by a thread: None

Heap:
 PSYoungGen      total 18944K, used 1967K [0x00000000eb180000, 0x00000000ec680000, 0x0000000100000000)
  eden space 16384K, 12% used [0x00000000eb180000,0x00000000eb36bc00,0x00000000ec180000)
  from space 2560K, 0% used [0x00000000ec400000,0x00000000ec400000,0x00000000ec680000)
  to   space 2560K, 0% used [0x00000000ec180000,0x00000000ec180000,0x00000000ec400000)
 ParOldGen       total 44032K, used 0K [0x00000000c1400000, 0x00000000c3f00000, 0x00000000eb180000)
  object space 44032K, 0% used [0x00000000c1400000,0x00000000c1400000,0x00000000c3f00000)
 Metaspace       used 4154K, capacity 4738K, committed 4992K, reserved 1056768K
  class space    used 495K, capacity 578K, committed 640K, reserved 1048576K

Card table byte_map: [0x0000000011890000,0x0000000011a90000] byte_map_base: 0x0000000011286000

Marking Bits: (ParMarkBitMap*) 0x000000006b8ff860
 Begin Bits: [0x0000000012380000, 0x0000000013330000)
 End Bits:   [0x0000000013330000, 0x00000000142e0000)

Polling page: 0x00000000000a0000

CodeCache: size=245760Kb used=1355Kb max_used=1355Kb free=244404Kb
 bounds [0x00000000024d0000, 0x0000000002740000, 0x00000000114d0000]
 total_blobs=446 nmethods=182 adapters=177
 compilation: enabled

Compilation events (10 events):
Event: 0.353 Thread 0x0000000056397800 nmethod 166 0x000000000261c990 code [0x000000000261cae0, 0x000000000261cc30]
Event: 0.353 Thread 0x0000000056397800  168       3       java.lang.invoke.InvokerBytecodeGenerator::isStaticallyNameable (116 bytes)
Event: 0.355 Thread 0x0000000056397800 nmethod 168 0x000000000261d2d0 code [0x000000000261d640, 0x000000000261f6b8]
Event: 0.355 Thread 0x0000000056397800  167       3       java.util.Collections$UnmodifiableCollection$1::hasNext (10 bytes)
Event: 0.355 Thread 0x0000000056397800 nmethod 167 0x00000000026207d0 code [0x0000000002620940, 0x0000000002620b68]
Event: 0.355 Thread 0x0000000056397800  170       3       jdk.internal.org.objectweb.asm.Item::isEqualTo (354 bytes)
Event: 0.355 Thread 0x0000000056397800 nmethod 170 0x0000000002620f10 code [0x0000000002621140, 0x0000000002621de8]
Event: 0.355 Thread 0x0000000056397800  175       3       jdk.internal.org.objectweb.asm.Frame::execute (2252 bytes)
Event: 0.358 Thread 0x0000000056396000  188       4       jdk.internal.org.objectweb.asm.ByteVector::putUTF8 (142 bytes)
Event: 0.361 Thread 0x0000000054ed9000  191       4       java.lang.String::indexOf (70 bytes)

GC Heap History (0 events):
No events

Deoptimization events (0 events):
No events

Classes redefined (0 events):
No events

Internal exceptions (9 events):
Event: 0.065 Thread 0x0000000001ebe800 Exception <a 'java/lang/NoSuchMethodError': Method sun.misc.Unsafe.defineClass(Ljava/lang/String;[BII)Ljava/lang/Class; name or signature does not match> (0x00000000eb187ca0) thrown at [C:\re\workspace\8-2-build-windows-amd64-cygwin\jdk8u161\10277\hotspot
Event: 0.065 Thread 0x0000000001ebe800 Exception <a 'java/lang/NoSuchMethodError': Method sun.misc.Unsafe.prefetchRead(Ljava/lang/Object;J)V name or signature does not match> (0x00000000eb187f88) thrown at [C:\re\workspace\8-2-build-windows-amd64-cygwin\jdk8u161\10277\hotspot\src\share\vm\prim
Event: 0.254 Thread 0x0000000001ebe800 Exception <a 'java/security/PrivilegedActionException'> (0x00000000eb217350) thrown at [C:\re\workspace\8-2-build-windows-amd64-cygwin\jdk8u161\10277\hotspot\src\share\vm\prims\jvm.cpp, line 1390]
Event: 0.254 Thread 0x0000000001ebe800 Exception <a 'java/security/PrivilegedActionException'> (0x00000000eb217560) thrown at [C:\re\workspace\8-2-build-windows-amd64-cygwin\jdk8u161\10277\hotspot\src\share\vm\prims\jvm.cpp, line 1390]
Event: 0.255 Thread 0x0000000001ebe800 Exception <a 'java/security/PrivilegedActionException'> (0x00000000eb21b1d0) thrown at [C:\re\workspace\8-2-build-windows-amd64-cygwin\jdk8u161\10277\hotspot\src\share\vm\prims\jvm.cpp, line 1390]
Event: 0.255 Thread 0x0000000001ebe800 Exception <a 'java/security/PrivilegedActionException'> (0x00000000eb21b3e0) thrown at [C:\re\workspace\8-2-build-windows-amd64-cygwin\jdk8u161\10277\hotspot\src\share\vm\prims\jvm.cpp, line 1390]
Event: 0.314 Thread 0x0000000001ebe800 Exception <a 'java/io/FileNotFoundException'> (0x00000000eb279810) thrown at [C:\re\workspace\8-2-build-windows-amd64-cygwin\jdk8u161\10277\hotspot\src\share\vm\prims\jni.cpp, line 709]
Event: 0.357 Thread 0x0000000001ebe800 Exception <a 'java/lang/NoSuchFieldError': method resolution failed> (0x00000000eb34b238) thrown at [C:\re\workspace\8-2-build-windows-amd64-cygwin\jdk8u161\10277\hotspot\src\share\vm\prims\methodHandles.cpp, line 1167]
Event: 0.359 Thread 0x0000000001ebe800 Exception <a 'java/lang/NoSuchFieldError': method resolution failed> (0x00000000eb358608) thrown at [C:\re\workspace\8-2-build-windows-amd64-cygwin\jdk8u161\10277\hotspot\src\share\vm\prims\methodHandles.cpp, line 1167]

Events (10 events):
Event: 0.346 loading class java/lang/invoke/MethodHandleImpl$Lazy
Event: 0.346 loading class java/lang/invoke/MethodHandleImpl$Lazy done
Event: 0.346 loading class java/lang/invoke/MethodHandleImpl$IntrinsicMethodHandle
Event: 0.346 loading class java/lang/invoke/MethodHandleImpl$IntrinsicMethodHandle done
Event: 0.357 loading class java/lang/NoSuchFieldError
Event: 0.357 loading class java/lang/NoSuchFieldError done
Event: 0.357 loading class java/lang/IllegalAccessException
Event: 0.357 loading class java/lang/IllegalAccessException done
Event: 0.360 loading class java/lang/invoke/LambdaFormEditor
Event: 0.360 loading class java/lang/invoke/LambdaFormEditor done


Dynamic libraries:
0x000000013f7f0000 - 0x000000013f827000 	C:\Program Files\Java\jre1.8.0_161\bin\javaw.exe
0x00000000771b0000 - 0x000000007735a000 	C:\Windows\SYSTEM32\ntdll.dll
0x0000000076b90000 - 0x0000000076caf000 	C:\Windows\system32\kernel32.dll
0x000007fefd0d0000 - 0x000007fefd13a000 	C:\Windows\system32\KERNELBASE.dll
0x000007fefde00000 - 0x000007fefdedb000 	C:\Windows\system32\ADVAPI32.dll
0x000007fefdc10000 - 0x000007fefdcaf000 	C:\Windows\system32\msvcrt.dll
0x000007fefd2c0000 - 0x000007fefd2df000 	C:\Windows\SYSTEM32\sechost.dll
0x000007fefd2f0000 - 0x000007fefd41d000 	C:\Windows\system32\RPCRT4.dll
0x0000000076cb0000 - 0x0000000076daa000 	C:\Windows\system32\USER32.dll
0x000007fefda90000 - 0x000007fefdaf7000 	C:\Windows\system32\GDI32.dll
0x000007fefd2e0000 - 0x000007fefd2ee000 	C:\Windows\system32\LPK.dll
0x000007fefd510000 - 0x000007fefd5da000 	C:\Windows\system32\USP10.dll
0x000007fefb8f0000 - 0x000007fefbae4000 	C:\Windows\WinSxS\amd64_microsoft.windows.common-controls_6595b64144ccf1df_6.0.7601.18837_none_fa3b1e3d17594757\COMCTL32.dll
0x000007feff440000 - 0x000007feff4b1000 	C:\Windows\system32\SHLWAPI.dll
0x000007fefdee0000 - 0x000007fefdf0e000 	C:\Windows\system32\IMM32.DLL
0x000007fefdb00000 - 0x000007fefdc09000 	C:\Windows\system32\MSCTF.dll
0x0000000070580000 - 0x0000000070652000 	C:\Program Files\Java\jre1.8.0_161\bin\msvcr100.dll
0x000000006b0e0000 - 0x000000006b97f000 	C:\Program Files\Java\jre1.8.0_161\bin\server\jvm.dll
0x000007fef6720000 - 0x000007fef6729000 	C:\Windows\system32\WSOCK32.dll
0x000007fefd420000 - 0x000007fefd46d000 	C:\Windows\system32\WS2_32.dll
0x000007fefdcb0000 - 0x000007fefdcb8000 	C:\Windows\system32\NSI.dll
0x000007fef8550000 - 0x000007fef858b000 	C:\Windows\system32\WINMM.dll
0x000007fefbf80000 - 0x000007fefbf8c000 	C:\Windows\system32\VERSION.dll
0x0000000077370000 - 0x0000000077377000 	C:\Windows\system32\PSAPI.DLL
0x00000000749e0000 - 0x00000000749ef000 	C:\Program Files\Java\jre1.8.0_161\bin\verify.dll
0x0000000074520000 - 0x0000000074549000 	C:\Program Files\Java\jre1.8.0_161\bin\java.dll
0x0000000074990000 - 0x00000000749a6000 	C:\Program Files\Java\jre1.8.0_161\bin\zip.dll
0x000007fefe3d0000 - 0x000007feff15a000 	C:\Windows\system32\SHELL32.dll
0x000007fefe030000 - 0x000007fefe233000 	C:\Windows\system32\ole32.dll
0x000007fefcee0000 - 0x000007fefceef000 	C:\Windows\system32\profapi.dll
0x000000006c1f0000 - 0x000000006c388000 	C:\Program Files\Java\jre1.8.0_161\bin\awt.dll
0x000007fefdcc0000 - 0x000007fefdd9a000 	C:\Windows\system32\OLEAUT32.dll

VM Arguments:
jvm_args: -Dfile.encoding=Cp1252 
java_command: View.acessar
java_class_path (initial): C:\Users\Informatica01\workspace\Chamado_Servidor\bin;D:\Documentos\Desktop\Driver POSTGRESQL\postgresql-9.4-1201.jdbc4.jar;C:\Users\Informatica01\workspace\Chamado_Servidor\jgoodies-common-1.8.0.jar;C:\Users\Informatica01\workspace\Chamado_Servidor\jgoodies-forms-1.8.0.jar
Launcher Type: SUN_STANDARD

Environment Variables:
JAVA_HOME=C:\Program Files\Java\jre1.8.0_31
CLASSPATH=.;JAVA_HOME
PATH=C:/Program Files/Java/jre1.8.0_161/bin/server;C:/Program Files/Java/jre1.8.0_161/bin;C:/Program Files/Java/jre1.8.0_161/lib/amd64;C:\ProgramData\Oracle\Java\javapath;C:\Oracle\product\11.2.0\client_1\bin;C:\Program Files\Common Files\Microsoft Shared\Windows Live;C:\Program Files (x86)\Common Files\Microsoft Shared\Windows Live;C:\Windows\system32;C:\Windows;C:\Windows\System32\Wbem;C:\Windows\System32\WindowsPowerShell\v1.0\;C:\Program Files (x86)\Microsoft SQL Server\100\Tools\Binn\;C:\Program Files\Microsoft SQL Server\100\Tools\Binn\;C:\Program Files\Microsoft SQL Server\100\DTS\Binn\;C:\Program Files\Java\jdk1.8.0_31\bin;C:\Program Files (x86)\Windows Live\Shared;C:\Program Files (x86)\Spiceworks\Nmap;C:\Program Files (x86)\Spiceworks\Nmap;D:\Documentos\Desktop\eclipse\eclipse;
USERNAME=Informatica01
OS=Windows_NT
PROCESSOR_IDENTIFIER=Intel64 Family 6 Model 42 Stepping 7, GenuineIntel



---------------  S Y S T E M  ---------------

OS: Windows 7 , 64 bit Build 7601 (6.1.7601.23539)

CPU:total 4 (initial active 4) (2 cores per cpu, 2 threads per core) family 6 model 42 stepping 7, cmov, cx8, fxsr, mmx, sse, sse2, sse3, ssse3, sse4.1, sse4.2, popcnt, avx, clmul, ht, tsc, tscinvbit

Memory: 4k page, physical 4104836k(629332k free), swap 4953720k(5088k free)

vm_info: Java HotSpot(TM) 64-Bit Server VM (25.161-b12) for windows-amd64 JRE (1.8.0_161-b12), built on Dec 19 2017 17:52:25 by "java_re" with MS VC++ 10.0 (VS2010)

time: Thu Feb 14 14:22:49 2019
elapsed time: 1 seconds (0d 0h 0m 1s)

