#
# There is insufficient memory for the Java Runtime Environment to continue.
# Native memory allocation (malloc) failed to allocate 1048576 bytes for AllocateHeap
# Possible reasons:
#   The system is out of physical RAM or swap space
#   In 32 bit mode, the process size limit was hit
# Possible solutions:
#   Reduce memory load on the system
#   Increase physical memory or swap space
#   Check if swap backing store is full
#   Use 64 bit Java on a 64 bit OS
#   Decrease Java heap size (-Xmx/-Xms)
#   Decrease number of Java threads
#   Decrease Java thread stack sizes (-Xss)
#   Set larger code cache with -XX:ReservedCodeCacheSize=
# This output file may be truncated or incomplete.
#
#  Out of Memory Error (memory/allocation.inline.hpp:61), pid=6256, tid=0x00000000000006f0
#
# JRE version:  (8.0_161-b12) (build )
# Java VM: Java HotSpot(TM) 64-Bit Server VM (25.161-b12 mixed mode windows-amd64 compressed oops)
# Failed to write core dump. Minidumps are not enabled by default on client versions of Windows
#

---------------  T H R E A D  ---------------

Current thread (0x0000000001f3e800):  JavaThread "Unknown thread" [_thread_in_vm, id=1776, stack(0x00000000020a0000,0x00000000021a0000)]

Stack: [0x00000000020a0000,0x00000000021a0000]
[error occurred during error reporting (printing stack bounds), id 0xc0000005]

Native frames: (J=compiled Java code, j=interpreted, Vv=VM code, C=native code)


---------------  P R O C E S S  ---------------

Java Threads: ( => current thread )

Other Threads:

=>0x0000000001f3e800 (exited) JavaThread "Unknown thread" [_thread_in_vm, id=1776, stack(0x00000000020a0000,0x00000000021a0000)]

VM state:not at safepoint (normal execution)

VM Mutex/Monitor currently owned by a thread: None

Heap:
 PSYoungGen      total 18944K, used 327K [0x00000000eb180000, 0x00000000ec680000, 0x0000000100000000)
  eden space 16384K, 2% used [0x00000000eb180000,0x00000000eb1d1ec8,0x00000000ec180000)
  from space 2560K, 0% used [0x00000000ec400000,0x00000000ec400000,0x00000000ec680000)
  to   space 2560K, 0% used [0x00000000ec180000,0x00000000ec180000,0x00000000ec400000)
 ParOldGen       total 44032K, used 0K [0x00000000c1400000, 0x00000000c3f00000, 0x00000000eb180000)
  object space 44032K, 0% used [0x00000000c1400000,0x00000000c1400000,0x00000000c3f00000)
 Metaspace       used 747K, capacity 4480K, committed 4480K, reserved 1056768K
  class space    used 75K, capacity 384K, committed 384K, reserved 1048576K

Card table byte_map: [0x0000000011830000,0x0000000011a30000] byte_map_base: 0x0000000011226000

Marking Bits: (ParMarkBitMap*) 0x0000000061f7f860
 Begin Bits: [0x0000000012080000, 0x0000000013030000)
 End Bits:   [0x0000000013030000, 0x0000000013fe0000)

Polling page: 0x0000000000100000

CodeCache: size=245760Kb used=328Kb max_used=328Kb free=245431Kb
 bounds [0x0000000002470000, 0x00000000026e0000, 0x0000000011470000]
 total_blobs=58 nmethods=0 adapters=38
 compilation: enabled

Compilation events (0 events):
No events

GC Heap History (0 events):
No events

Deoptimization events (0 events):
No events

Classes redefined (0 events):
No events

Internal exceptions (0 events):
No events

Events (10 events):
Event: 0.062 loading class java/lang/Short
Event: 0.063 loading class java/lang/Short done
Event: 0.063 loading class java/lang/Integer
Event: 0.063 loading class java/lang/Integer done
Event: 0.063 loading class java/lang/Long
Event: 0.063 loading class java/lang/Long done
Event: 0.064 loading class java/lang/NullPointerException
Event: 0.064 loading class java/lang/NullPointerException done
Event: 0.064 loading class java/lang/ArithmeticException
Event: 0.064 loading class java/lang/ArithmeticException done


Dynamic libraries:
0x000000013fb50000 - 0x000000013fb87000 	C:\Program Files\Java\jre1.8.0_161\bin\javaw.exe
0x0000000077970000 - 0x0000000077b1a000 	C:\Windows\SYSTEM32\ntdll.dll
0x0000000077450000 - 0x000000007756f000 	C:\Windows\system32\kernel32.dll
0x000007fefd9f0000 - 0x000007fefda5a000 	C:\Windows\system32\KERNELBASE.dll
0x000007fefea90000 - 0x000007fefeb6b000 	C:\Windows\system32\ADVAPI32.dll
0x000007fefe360000 - 0x000007fefe3ff000 	C:\Windows\system32\msvcrt.dll
0x000007fefdd20000 - 0x000007fefdd3f000 	C:\Windows\SYSTEM32\sechost.dll
0x000007fefda60000 - 0x000007fefdb8d000 	C:\Windows\system32\RPCRT4.dll
0x0000000077350000 - 0x000000007744a000 	C:\Windows\system32\USER32.dll
0x000007fefe2f0000 - 0x000007fefe357000 	C:\Windows\system32\GDI32.dll
0x000007feffbe0000 - 0x000007feffbee000 	C:\Windows\system32\LPK.dll
0x000007fefeb70000 - 0x000007fefec3a000 	C:\Windows\system32\USP10.dll
0x000007fefc0b0000 - 0x000007fefc2a4000 	C:\Windows\WinSxS\amd64_microsoft.windows.common-controls_6595b64144ccf1df_6.0.7601.18837_none_fa3b1e3d17594757\COMCTL32.dll
0x000007fefe480000 - 0x000007fefe4f1000 	C:\Windows\system32\SHLWAPI.dll
0x000007fefe880000 - 0x000007fefe8ae000 	C:\Windows\system32\IMM32.DLL
0x000007fefe100000 - 0x000007fefe209000 	C:\Windows\system32\MSCTF.dll
0x0000000060730000 - 0x0000000060802000 	C:\Program Files\Java\jre1.8.0_161\bin\msvcr100.dll
0x0000000061760000 - 0x0000000061fff000 	C:\Program Files\Java\jre1.8.0_161\bin\server\jvm.dll
0x000007fefc560000 - 0x000007fefc569000 	C:\Windows\system32\WSOCK32.dll
0x000007fefe0b0000 - 0x000007fefe0fd000 	C:\Windows\system32\WS2_32.dll
0x000007feffc70000 - 0x000007feffc78000 	C:\Windows\system32\NSI.dll
0x000007fef8d00000 - 0x000007fef8d3b000 	C:\Windows\system32\WINMM.dll
0x000007fefc740000 - 0x000007fefc74c000 	C:\Windows\system32\VERSION.dll
0x0000000077b40000 - 0x0000000077b47000 	C:\Windows\system32\PSAPI.DLL
0x00000000715c0000 - 0x00000000715cf000 	C:\Program Files\Java\jre1.8.0_161\bin\verify.dll
0x000000006fb60000 - 0x000000006fb89000 	C:\Program Files\Java\jre1.8.0_161\bin\java.dll
0x00000000708e0000 - 0x00000000708f6000 	C:\Program Files\Java\jre1.8.0_161\bin\zip.dll

VM Arguments:
jvm_args: -Dfile.encoding=Cp1252 
java_command: Controller.splash
java_class_path (initial): C:\Users\Informatica01\workspace\Chamado_Servidor\bin;D:\Documentos\Desktop\Driver POSTGRESQL\postgresql-9.4-1201.jdbc4.jar;C:\Users\Informatica01\workspace\Chamado_Servidor\jgoodies-common-1.8.0.jar;C:\Users\Informatica01\workspace\Chamado_Servidor\jgoodies-forms-1.8.0.jar
Launcher Type: SUN_STANDARD

Environment Variables:
JAVA_HOME=C:\Program Files\Java\jre1.8.0_31
CLASSPATH=.;JAVA_HOME
PATH=C:/Program Files/Java/jre1.8.0_161/bin/server;C:/Program Files/Java/jre1.8.0_161/bin;C:/Program Files/Java/jre1.8.0_161/lib/amd64;C:\ProgramData\Oracle\Java\javapath;C:\Oracle\product\11.2.0\client_1\bin;C:\Program Files\Common Files\Microsoft Shared\Windows Live;C:\Program Files (x86)\Common Files\Microsoft Shared\Windows Live;C:\Windows\system32;C:\Windows;C:\Windows\System32\Wbem;C:\Windows\System32\WindowsPowerShell\v1.0\;C:\Program Files (x86)\Microsoft SQL Server\100\Tools\Binn\;C:\Program Files\Microsoft SQL Server\100\Tools\Binn\;C:\Program Files\Microsoft SQL Server\100\DTS\Binn\;C:\Program Files\Java\jdk1.8.0_31\bin;C:\Program Files (x86)\Windows Live\Shared;C:\Program Files (x86)\Spiceworks\Nmap;C:\Program Files (x86)\Spiceworks\Nmap;D:\Documentos\Desktop\eclipse\eclipse;
USERNAME=Informatica01
OS=Windows_NT
PROCESSOR_IDENTIFIER=Intel64 Family 6 Model 42 Stepping 7, GenuineIntel



---------------  S Y S T E M  ---------------

OS: Windows 7 , 64 bit Build 7601 (6.1.7601.23539)

CPU:total 4 (initial active 4) (2 cores per cpu, 2 threads per core) family 6 model 42 stepping 7, cmov, cx8, fxsr, mmx, sse, sse2, sse3, ssse3, sse4.1, sse4.2, popcnt, avx, clmul, ht, tsc, tscinvbit

Memory: 4k page, physical 4104836k(1260124k free), swap 4727268k(5104k free)

vm_info: Java HotSpot(TM) 64-Bit Server VM (25.161-b12) for windows-amd64 JRE (1.8.0_161-b12), built on Dec 19 2017 17:52:25 by "java_re" with MS VC++ 10.0 (VS2010)

time: Thu Jan 03 11:14:15 2019
elapsed time: 0 seconds (0d 0h 0m 0s)

