#
# There is insufficient memory for the Java Runtime Environment to continue.
# Native memory allocation (malloc) failed to allocate 368416 bytes for Chunk::new
# Possible reasons:
#   The system is out of physical RAM or swap space
#   In 32 bit mode, the process size limit was hit
# Possible solutions:
#   Reduce memory load on the system
#   Increase physical memory or swap space
#   Check if swap backing store is full
#   Use 64 bit Java on a 64 bit OS
#   Decrease Java heap size (-Xmx/-Xms)
#   Decrease number of Java threads
#   Decrease Java thread stack sizes (-Xss)
#   Set larger code cache with -XX:ReservedCodeCacheSize=
# This output file may be truncated or incomplete.
#
#  Out of Memory Error (allocation.cpp:390), pid=7496, tid=0x0000000000002040
#
# JRE version: Java(TM) SE Runtime Environment (8.0_161-b12) (build 1.8.0_161-b12)
# Java VM: Java HotSpot(TM) 64-Bit Server VM (25.161-b12 mixed mode windows-amd64 compressed oops)
# Failed to write core dump. Minidumps are not enabled by default on client versions of Windows
#

---------------  T H R E A D  ---------------

Current thread (0x0000000054caa000):  JavaThread "C2 CompilerThread0" daemon [_thread_in_native, id=8256, stack(0x00000000567b0000,0x00000000568b0000)]

Stack: [0x00000000567b0000,0x00000000568b0000]
[error occurred during error reporting (printing stack bounds), id 0xc0000005]

Native frames: (J=compiled Java code, j=interpreted, Vv=VM code, C=native code)


Current CompileTask:
C2:    654  442 % !   4       sun.awt.image.PNGImageDecoder::produceImage @ 960 (1916 bytes)


---------------  P R O C E S S  ---------------

Java Threads: ( => current thread )
  0x0000000056edd800 JavaThread "Image Fetcher 0" daemon [_thread_blocked, id=772, stack(0x0000000058240000,0x0000000058340000)]
  0x000000000021e800 JavaThread "DestroyJavaVM" [_thread_blocked, id=5632, stack(0x00000000021f0000,0x00000000022f0000)]
  0x0000000056e64800 JavaThread "AWT-EventQueue-0" [_thread_in_Java, id=5772, stack(0x0000000057b60000,0x0000000057c60000)]
  0x0000000056e63000 JavaThread "AWT-Windows" daemon [_thread_in_native, id=5652, stack(0x0000000057a10000,0x0000000057b10000)]
  0x0000000056e62000 JavaThread "AWT-Shutdown" [_thread_blocked, id=6536, stack(0x00000000578a0000,0x00000000579a0000)]
  0x0000000056e5b800 JavaThread "Java2D Disposer" daemon [_thread_blocked, id=7928, stack(0x0000000057680000,0x0000000057780000)]
  0x0000000056390000 JavaThread "Service Thread" daemon [_thread_blocked, id=5608, stack(0x0000000056ce0000,0x0000000056de0000)]
  0x000000005632f000 JavaThread "C1 CompilerThread2" daemon [_thread_blocked, id=8008, stack(0x0000000056a30000,0x0000000056b30000)]
  0x0000000054cae800 JavaThread "C2 CompilerThread1" daemon [_thread_blocked, id=6672, stack(0x0000000056910000,0x0000000056a10000)]
=>0x0000000054caa000 JavaThread "C2 CompilerThread0" daemon [_thread_in_native, id=8256, stack(0x00000000567b0000,0x00000000568b0000)]
  0x0000000054ca7800 JavaThread "Attach Listener" daemon [_thread_blocked, id=6944, stack(0x0000000055fa0000,0x00000000560a0000)]
  0x0000000054ca2000 JavaThread "Signal Dispatcher" daemon [_thread_blocked, id=4848, stack(0x0000000056210000,0x0000000056310000)]
  0x0000000054c8c000 JavaThread "Finalizer" daemon [_thread_blocked, id=4264, stack(0x00000000560b0000,0x00000000561b0000)]
  0x0000000054c43000 JavaThread "Reference Handler" daemon [_thread_blocked, id=796, stack(0x0000000055d80000,0x0000000055e80000)]

Other Threads:
  0x0000000054c3b000 VMThread [stack: 0x0000000055e80000,0x0000000055f80000] [id=6368]
  0x00000000563af800 WatcherThread [stack: 0x0000000056bc0000,0x0000000056cc0000] [id=6844]

VM state:not at safepoint (normal execution)

VM Mutex/Monitor currently owned by a thread: None

Heap:
 PSYoungGen      total 18944K, used 7218K [0x00000000eb180000, 0x00000000ec680000, 0x0000000100000000)
  eden space 16384K, 44% used [0x00000000eb180000,0x00000000eb88c9c8,0x00000000ec180000)
  from space 2560K, 0% used [0x00000000ec400000,0x00000000ec400000,0x00000000ec680000)
  to   space 2560K, 0% used [0x00000000ec180000,0x00000000ec180000,0x00000000ec400000)
 ParOldGen       total 44032K, used 0K [0x00000000c1400000, 0x00000000c3f00000, 0x00000000eb180000)
  object space 44032K, 0% used [0x00000000c1400000,0x00000000c1400000,0x00000000c3f00000)
 Metaspace       used 11156K, capacity 11310K, committed 11648K, reserved 1058816K
  class space    used 1501K, capacity 1575K, committed 1664K, reserved 1048576K

Card table byte_map: [0x0000000011980000,0x0000000011b80000] byte_map_base: 0x0000000011376000

Marking Bits: (ParMarkBitMap*) 0x000000006c63f860
 Begin Bits: [0x0000000012150000, 0x0000000013100000)
 End Bits:   [0x0000000013100000, 0x00000000140b0000)

Polling page: 0x0000000000200000

CodeCache: size=245760Kb used=2179Kb max_used=2190Kb free=243580Kb
 bounds [0x00000000025c0000, 0x0000000002830000, 0x00000000115c0000]
 total_blobs=933 nmethods=463 adapters=383
 compilation: enabled

Compilation events (10 events):
Event: 0.602 Thread 0x000000005632f000  446       3       sun.awt.image.PNGImageDecoder::sendPixels (44 bytes)
Event: 0.602 Thread 0x000000005632f000 nmethod 446 0x00000000027d5b50 code [0x00000000027d5cc0, 0x00000000027d5f88]
Event: 0.602 Thread 0x000000005632f000  448   !   3       sun.awt.image.ImageRepresentation::setPixels (535 bytes)
Event: 0.604 Thread 0x000000005632f000 nmethod 448 0x00000000027d6050 code [0x00000000027d63c0, 0x00000000027d86f8]
Event: 0.604 Thread 0x0000000054caa000  442 % !   4       sun.awt.image.PNGImageDecoder::produceImage @ 960 (1916 bytes)
Event: 0.609 Thread 0x0000000054cae800 nmethod 440 0x00000000027dd450 code [0x00000000027dd5a0, 0x00000000027ddf18]
Event: 0.621 Thread 0x000000005632f000  452       1       java.awt.Component::getPeer (5 bytes)
Event: 0.621 Thread 0x000000005632f000 nmethod 452 0x00000000027dd190 code [0x00000000027dd2e0, 0x00000000027dd3f0]
Event: 0.621 Thread 0x000000005632f000  451   !   3       java.awt.Component::firePropertyChange (59 bytes)
Event: 0.621 Thread 0x000000005632f000 nmethod 451 0x00000000027dbf10 code [0x00000000027dc100, 0x00000000027dcc78]

GC Heap History (0 events):
No events

Deoptimization events (1 events):
Event: 0.332 Thread 0x0000000056e64800 Uncommon trap: reason=null_check action=make_not_entrant pc=0x00000000026dc2d8 method=java.lang.String.equals(Ljava/lang/Object;)Z @ 8

Classes redefined (0 events):
No events

Internal exceptions (10 events):
Event: 0.066 Thread 0x000000000021e800 Exception <a 'java/lang/NoSuchMethodError': Method sun.misc.Unsafe.prefetchRead(Ljava/lang/Object;J)V name or signature does not match> (0x00000000eb187f88) thrown at [C:\re\workspace\8-2-build-windows-amd64-cygwin\jdk8u161\10277\hotspot\src\share\vm\prim
Event: 0.178 Thread 0x000000000021e800 Exception <a 'java/security/PrivilegedActionException'> (0x00000000eb217328) thrown at [C:\re\workspace\8-2-build-windows-amd64-cygwin\jdk8u161\10277\hotspot\src\share\vm\prims\jvm.cpp, line 1390]
Event: 0.178 Thread 0x000000000021e800 Exception <a 'java/security/PrivilegedActionException'> (0x00000000eb217538) thrown at [C:\re\workspace\8-2-build-windows-amd64-cygwin\jdk8u161\10277\hotspot\src\share\vm\prims\jvm.cpp, line 1390]
Event: 0.179 Thread 0x000000000021e800 Exception <a 'java/security/PrivilegedActionException'> (0x00000000eb21b1a8) thrown at [C:\re\workspace\8-2-build-windows-amd64-cygwin\jdk8u161\10277\hotspot\src\share\vm\prims\jvm.cpp, line 1390]
Event: 0.179 Thread 0x000000000021e800 Exception <a 'java/security/PrivilegedActionException'> (0x00000000eb21b3b8) thrown at [C:\re\workspace\8-2-build-windows-amd64-cygwin\jdk8u161\10277\hotspot\src\share\vm\prims\jvm.cpp, line 1390]
Event: 0.185 Thread 0x000000000021e800 Exception <a 'java/io/FileNotFoundException'> (0x00000000eb279810) thrown at [C:\re\workspace\8-2-build-windows-amd64-cygwin\jdk8u161\10277\hotspot\src\share\vm\prims\jni.cpp, line 709]
Event: 0.227 Thread 0x000000000021e800 Exception <a 'java/lang/NoSuchFieldError': method resolution failed> (0x00000000eb34b238) thrown at [C:\re\workspace\8-2-build-windows-amd64-cygwin\jdk8u161\10277\hotspot\src\share\vm\prims\methodHandles.cpp, line 1167]
Event: 0.228 Thread 0x000000000021e800 Exception <a 'java/lang/NoSuchFieldError': method resolution failed> (0x00000000eb358608) thrown at [C:\re\workspace\8-2-build-windows-amd64-cygwin\jdk8u161\10277\hotspot\src\share\vm\prims\methodHandles.cpp, line 1167]
Event: 0.332 Thread 0x0000000056e64800 Implicit null exception at 0x00000000026dc105 to 0x00000000026dc2c9
Event: 0.334 Thread 0x0000000056e64800 Exception <a 'java/io/FileNotFoundException'> (0x00000000eb481e60) thrown at [C:\re\workspace\8-2-build-windows-amd64-cygwin\jdk8u161\10277\hotspot\src\share\vm\prims\jni.cpp, line 709]

Events (10 events):
Event: 0.623 loading class com/sun/java/swing/plaf/windows/WindowsGraphicsUtils
Event: 0.623 loading class com/sun/java/swing/plaf/windows/WindowsGraphicsUtils done
Event: 0.623 loading class java/awt/SplashScreen
Event: 0.623 loading class java/awt/SplashScreen done
Event: 0.624 loading class java/awt/Dialog
Event: 0.624 loading class java/awt/Dialog done
Event: 0.624 loading class java/awt/Dialog$ModalityType
Event: 0.624 loading class java/awt/Dialog$ModalityType done
Event: 0.625 loading class sun/awt/TimedWindowEvent
Event: 0.625 loading class sun/awt/TimedWindowEvent done


Dynamic libraries:
0x000000013f7a0000 - 0x000000013f7d7000 	C:\Program Files\Java\jre1.8.0_161\bin\javaw.exe
0x0000000077b30000 - 0x0000000077cda000 	C:\Windows\SYSTEM32\ntdll.dll
0x0000000077510000 - 0x000000007762f000 	C:\Windows\system32\kernel32.dll
0x000007fefd880000 - 0x000007fefd8ea000 	C:\Windows\system32\KERNELBASE.dll
0x000007fefe650000 - 0x000007fefe72b000 	C:\Windows\system32\ADVAPI32.dll
0x000007feffab0000 - 0x000007feffb4f000 	C:\Windows\system32\msvcrt.dll
0x000007fefdc20000 - 0x000007fefdc3f000 	C:\Windows\SYSTEM32\sechost.dll
0x000007fefe730000 - 0x000007fefe85d000 	C:\Windows\system32\RPCRT4.dll
0x0000000077630000 - 0x000000007772a000 	C:\Windows\system32\USER32.dll
0x000007fefe270000 - 0x000007fefe2d7000 	C:\Windows\system32\GDI32.dll
0x000007fefdf70000 - 0x000007fefdf7e000 	C:\Windows\system32\LPK.dll
0x000007fefe000000 - 0x000007fefe0ca000 	C:\Windows\system32\USP10.dll
0x000007fefc270000 - 0x000007fefc464000 	C:\Windows\WinSxS\amd64_microsoft.windows.common-controls_6595b64144ccf1df_6.0.7601.18837_none_fa3b1e3d17594757\COMCTL32.dll
0x000007fefdf80000 - 0x000007fefdff1000 	C:\Windows\system32\SHLWAPI.dll
0x000007feffd30000 - 0x000007feffd5e000 	C:\Windows\system32\IMM32.DLL
0x000007fefe860000 - 0x000007fefe969000 	C:\Windows\system32\MSCTF.dll
0x000000006d530000 - 0x000000006d602000 	C:\Program Files\Java\jre1.8.0_161\bin\msvcr100.dll
0x000000006be20000 - 0x000000006c6bf000 	C:\Program Files\Java\jre1.8.0_161\bin\server\jvm.dll
0x000007fef65b0000 - 0x000007fef65b9000 	C:\Windows\system32\WSOCK32.dll
0x000007fefdc40000 - 0x000007fefdc8d000 	C:\Windows\system32\WS2_32.dll
0x000007fefe260000 - 0x000007fefe268000 	C:\Windows\system32\NSI.dll
0x000007fef8fa0000 - 0x000007fef8fdb000 	C:\Windows\system32\WINMM.dll
0x000007fefc900000 - 0x000007fefc90c000 	C:\Windows\system32\VERSION.dll
0x0000000077cf0000 - 0x0000000077cf7000 	C:\Windows\system32\PSAPI.DLL
0x0000000074db0000 - 0x0000000074dbf000 	C:\Program Files\Java\jre1.8.0_161\bin\verify.dll
0x0000000074d00000 - 0x0000000074d29000 	C:\Program Files\Java\jre1.8.0_161\bin\java.dll
0x0000000074840000 - 0x0000000074856000 	C:\Program Files\Java\jre1.8.0_161\bin\zip.dll
0x000007fefea10000 - 0x000007feff79a000 	C:\Windows\system32\SHELL32.dll
0x000007feff7a0000 - 0x000007feff9a3000 	C:\Windows\system32\ole32.dll
0x000007fefd870000 - 0x000007fefd87f000 	C:\Windows\system32\profapi.dll
0x000000006cd70000 - 0x000000006cf08000 	C:\Program Files\Java\jre1.8.0_161\bin\awt.dll
0x000007feffd60000 - 0x000007feffe3a000 	C:\Windows\system32\OLEAUT32.dll
0x000007fefbd90000 - 0x000007fefbde6000 	C:\Windows\system32\uxtheme.dll
0x000007fefb540000 - 0x000007fefb558000 	C:\Windows\system32\dwmapi.dll
0x000007fefd6c0000 - 0x000007fefd6cf000 	C:\Windows\system32\CRYPTBASE.dll
0x000007feea8c0000 - 0x000007feea9dd000 	C:\Windows\system32\opengl32.dll
0x000007fef7120000 - 0x000007fef714d000 	C:\Windows\system32\GLU32.dll
0x000007feebe80000 - 0x000007feebf71000 	C:\Windows\system32\DDRAW.dll
0x000007fef7110000 - 0x000007fef7118000 	C:\Windows\system32\DCIMAN32.dll
0x000007feffb50000 - 0x000007feffd27000 	C:\Windows\system32\SETUPAPI.dll
0x000007fefda20000 - 0x000007fefda56000 	C:\Windows\system32\CFGMGR32.dll
0x000007fefd8f0000 - 0x000007fefd90a000 	C:\Windows\system32\DEVOBJ.dll
0x000000006f8c0000 - 0x000000006f907000 	C:\Program Files\Java\jre1.8.0_161\bin\fontmanager.dll
0x0000000074820000 - 0x000000007483a000 	C:\Program Files\Java\jre1.8.0_161\bin\net.dll
0x000007fefd000000 - 0x000007fefd055000 	C:\Windows\system32\mswsock.dll
0x000007fefcff0000 - 0x000007fefcff7000 	C:\Windows\System32\wship6.dll
0x0000000074800000 - 0x0000000074811000 	C:\Program Files\Java\jre1.8.0_161\bin\nio.dll
0x000007feffa10000 - 0x000007feffaa9000 	C:\Windows\system32\CLBCatQ.DLL
0x000007fefb200000 - 0x000007fefb361000 	C:\Windows\system32\WindowsCodecs.dll
0x000000006f1d0000 - 0x000000006f212000 	C:\Program Files\Java\jre1.8.0_161\bin\t2k.dll

VM Arguments:
jvm_args: -Dfile.encoding=Cp1252 
java_command: View.acessar
java_class_path (initial): C:\Users\Informatica01\workspace\Chamado_Servidor\bin;D:\Documentos\Desktop\Driver POSTGRESQL\postgresql-9.4-1201.jdbc4.jar;C:\Users\Informatica01\workspace\Chamado_Servidor\jgoodies-common-1.8.0.jar;C:\Users\Informatica01\workspace\Chamado_Servidor\jgoodies-forms-1.8.0.jar
Launcher Type: SUN_STANDARD

Environment Variables:
JAVA_HOME=C:\Program Files\Java\jre1.8.0_31
CLASSPATH=.;JAVA_HOME
PATH=C:/Program Files/Java/jre1.8.0_161/bin/server;C:/Program Files/Java/jre1.8.0_161/bin;C:/Program Files/Java/jre1.8.0_161/lib/amd64;C:\ProgramData\Oracle\Java\javapath;C:\Oracle\product\11.2.0\client_1\bin;C:\Program Files\Common Files\Microsoft Shared\Windows Live;C:\Program Files (x86)\Common Files\Microsoft Shared\Windows Live;C:\Windows\system32;C:\Windows;C:\Windows\System32\Wbem;C:\Windows\System32\WindowsPowerShell\v1.0\;C:\Program Files (x86)\Microsoft SQL Server\100\Tools\Binn\;C:\Program Files\Microsoft SQL Server\100\Tools\Binn\;C:\Program Files\Microsoft SQL Server\100\DTS\Binn\;C:\Program Files\Java\jdk1.8.0_31\bin;C:\Program Files (x86)\Windows Live\Shared;C:\Program Files (x86)\Spiceworks\Nmap;C:\Program Files (x86)\Spiceworks\Nmap;D:\Documentos\Desktop\eclipse\eclipse;
USERNAME=Informatica01
OS=Windows_NT
PROCESSOR_IDENTIFIER=Intel64 Family 6 Model 42 Stepping 7, GenuineIntel



---------------  S Y S T E M  ---------------

OS: Windows 7 , 64 bit Build 7601 (6.1.7601.23539)

CPU:total 4 (initial active 4) (2 cores per cpu, 2 threads per core) family 6 model 42 stepping 7, cmov, cx8, fxsr, mmx, sse, sse2, sse3, ssse3, sse4.1, sse4.2, popcnt, avx, clmul, ht, tsc, tscinvbit

Memory: 4k page, physical 4104836k(563108k free), swap 5103048k(5716k free)

vm_info: Java HotSpot(TM) 64-Bit Server VM (25.161-b12) for windows-amd64 JRE (1.8.0_161-b12), built on Dec 19 2017 17:52:25 by "java_re" with MS VC++ 10.0 (VS2010)

time: Thu Nov 29 10:54:09 2018
elapsed time: 0 seconds (0d 0h 0m 0s)

